16:37:58 -> INFO: Intentando insertar en el servidor nuevos registros de la tabla EMPRESA
16:37:58 -> INFO: Consultando en el servidor los registros insertados de la tabla EMPRESA
16:37:58 -> OK: TOTAL: 1 registros insertados en el servidor previamente
16:37:58 -> OK: TOTAL: 0 nuevos registros insertados en el servidor

16:37:58 -> INFO: Intentando actualizar en el servidor los registros de la tabla EMPRESA
16:37:58 -> OK: 1 viejos registros actualizados en el servidor
16:37:58 -> OK: TOTAL: 1 viejos registros actualizados en el servidor

16:37:58 -> INFO: Intentando insertar en el servidor nuevos registros de la tabla FAMILIA1
16:37:58 -> INFO: Consultando en el servidor los registros insertados de la tabla FAMILIA1
16:37:58 -> OK: TOTAL: 8 registros insertados en el servidor previamente
16:37:58 -> OK: TOTAL: 0 nuevos registros insertados en el servidor

16:37:58 -> INFO: Intentando actualizar en el servidor los registros de la tabla FAMILIA1
16:37:58 -> OK: 8 viejos registros actualizados en el servidor
16:37:58 -> OK: TOTAL: 8 viejos registros actualizados en el servidor

16:37:58 -> INFO: Intentando insertar en el servidor nuevos registros de la tabla ARTICULOS
16:37:58 -> INFO: Consultando en el servidor los registros insertados de la tabla ARTICULOS
16:37:58 -> OK: TOTAL: 47 registros insertados en el servidor previamente
16:37:58 -> OK: TOTAL: 0 nuevos registros insertados en el servidor

16:37:58 -> INFO: Intentando actualizar en el servidor los registros de la tabla ARTICULOS
16:37:59 -> OK: 47 viejos registros actualizados en el servidor
16:37:59 -> OK: TOTAL: 47 viejos registros actualizados en el servidor

16:37:59 -> INFO: Intentando insertar en el servidor nuevos registros de la tabla EMPLEADOS
16:37:59 -> INFO: Consultando en el servidor los registros insertados de la tabla EMPLEADOS
16:37:59 -> OK: TOTAL: 13 registros insertados en el servidor previamente
16:37:59 -> OK: TOTAL: 0 nuevos registros insertados en el servidor

16:37:59 -> INFO: Intentando actualizar en el servidor los registros de la tabla EMPLEADOS
16:37:59 -> OK: 13 viejos registros actualizados en el servidor
16:37:59 -> OK: TOTAL: 13 viejos registros actualizados en el servidor

16:37:59 -> INFO: Intentando insertar en el servidor nuevos registros de la tabla CLIENTES
16:37:59 -> INFO: Consultando en el servidor los registros insertados de la tabla CLIENTES
16:37:59 -> OK: TOTAL: 14 registros insertados en el servidor previamente
16:38:00 -> OK: TOTAL: 0 nuevos registros insertados en el servidor

16:38:00 -> INFO: Intentando actualizar en el servidor los registros de la tabla CLIENTES
16:38:00 -> OK: 14 viejos registros actualizados en el servidor
16:38:00 -> OK: TOTAL: 14 viejos registros actualizados en el servidor

16:38:00 -> INFO: Intentando insertar en el servidor nuevos registros de la tabla PROVEEDOR
16:38:00 -> INFO: Consultando en el servidor los registros insertados de la tabla PROVEEDOR
16:38:00 -> OK: TOTAL: 15 registros insertados en el servidor previamente
16:38:00 -> OK: TOTAL: 0 nuevos registros insertados en el servidor

16:38:00 -> INFO: Intentando actualizar en el servidor los registros de la tabla PROVEEDOR
16:38:00 -> OK: 15 viejos registros actualizados en el servidor
16:38:00 -> OK: TOTAL: 15 viejos registros actualizados en el servidor

16:38:00 -> INFO: Intentando insertar en el servidor nuevos registros de la tabla CONCEPTOS
16:38:00 -> INFO: Consultando en el servidor los registros insertados de la tabla CONCEPTOS
16:38:00 -> OK: TOTAL: 2 registros insertados en el servidor previamente
16:38:00 -> OK: TOTAL: 0 nuevos registros insertados en el servidor

16:38:00 -> INFO: Intentando actualizar en el servidor los registros de la tabla CONCEPTOS
16:38:00 -> OK: 2 viejos registros actualizados en el servidor
16:38:00 -> OK: TOTAL: 2 viejos registros actualizados en el servidor

16:38:00 -> INFO: Intentando insertar en el servidor nuevos registros de la tabla FORPAG
16:38:00 -> INFO: Consultando en el servidor los registros insertados de la tabla FORPAG
16:38:00 -> OK: TOTAL: 3 registros insertados en el servidor previamente
16:38:00 -> OK: TOTAL: 0 nuevos registros insertados en el servidor

16:38:00 -> INFO: Intentando actualizar en el servidor los registros de la tabla FORPAG
16:38:00 -> OK: 3 viejos registros actualizados en el servidor
16:38:00 -> OK: TOTAL: 3 viejos registros actualizados en el servidor

16:38:00 -> INFO: Intentando insertar en el servidor nuevos registros de la tabla SERIES
16:38:00 -> INFO: Consultando en el servidor los registros insertados de la tabla SERIES
16:38:01 -> OK: TOTAL: 4 registros insertados en el servidor previamente
16:38:01 -> OK: TOTAL: 0 nuevos registros insertados en el servidor

16:38:01 -> INFO: Intentando actualizar en el servidor los registros de la tabla SERIES
16:38:01 -> OK: 4 viejos registros actualizados en el servidor
16:38:01 -> OK: TOTAL: 4 viejos registros actualizados en el servidor

16:40:37 -> INFO: Intentando insertar en el servidor nuevos registros de la tabla EMPRESA
16:40:37 -> INFO: Consultando en el servidor los registros insertados de la tabla EMPRESA
16:40:37 -> OK: TOTAL: 1 registros insertados en el servidor previamente
16:40:37 -> OK: TOTAL: 0 nuevos registros insertados en el servidor

16:40:46 -> INFO: Intentando actualizar en el servidor los registros de la tabla EMPRESA
16:41:46 -> OK: 1 viejos registros actualizados en el servidor
16:41:46 -> OK: TOTAL: 1 viejos registros actualizados en el servidor

16:41:46 -> INFO: Intentando insertar en el servidor nuevos registros de la tabla FAMILIA1
16:41:46 -> INFO: Consultando en el servidor los registros insertados de la tabla FAMILIA1
16:41:46 -> OK: TOTAL: 8 registros insertados en el servidor previamente
16:41:46 -> OK: TOTAL: 0 nuevos registros insertados en el servidor

16:41:52 -> INFO: Intentando actualizar en el servidor los registros de la tabla FAMILIA1
16:42:31 -> OK: 8 viejos registros actualizados en el servidor
16:42:51 -> OK: TOTAL: 8 viejos registros actualizados en el servidor

16:42:54 -> INFO: Intentando insertar en el servidor nuevos registros de la tabla ARTICULOS
16:42:54 -> INFO: Consultando en el servidor los registros insertados de la tabla ARTICULOS
16:42:54 -> OK: TOTAL: 47 registros insertados en el servidor previamente
16:42:54 -> OK: TOTAL: 0 nuevos registros insertados en el servidor

16:42:57 -> INFO: Intentando actualizar en el servidor los registros de la tabla ARTICULOS
16:43:44 -> OK: 47 viejos registros actualizados en el servidor
16:43:52 -> OK: TOTAL: 47 viejos registros actualizados en el servidor

16:43:54 -> INFO: Intentando insertar en el servidor nuevos registros de la tabla EMPLEADOS
16:43:54 -> INFO: Consultando en el servidor los registros insertados de la tabla EMPLEADOS
16:43:54 -> OK: TOTAL: 13 registros insertados en el servidor previamente
16:43:54 -> OK: TOTAL: 0 nuevos registros insertados en el servidor

16:43:57 -> INFO: Intentando actualizar en el servidor los registros de la tabla EMPLEADOS
16:43:57 -> OK: 13 viejos registros actualizados en el servidor
16:43:57 -> OK: TOTAL: 13 viejos registros actualizados en el servidor

16:43:57 -> INFO: Intentando insertar en el servidor nuevos registros de la tabla CLIENTES
16:43:57 -> INFO: Consultando en el servidor los registros insertados de la tabla CLIENTES
16:43:57 -> OK: TOTAL: 14 registros insertados en el servidor previamente
16:43:57 -> OK: TOTAL: 0 nuevos registros insertados en el servidor

16:43:58 -> INFO: Intentando actualizar en el servidor los registros de la tabla CLIENTES
16:43:58 -> OK: 14 viejos registros actualizados en el servidor
16:43:58 -> OK: TOTAL: 14 viejos registros actualizados en el servidor

16:43:58 -> INFO: Intentando insertar en el servidor nuevos registros de la tabla PROVEEDOR
16:43:58 -> INFO: Consultando en el servidor los registros insertados de la tabla PROVEEDOR
16:43:58 -> OK: TOTAL: 15 registros insertados en el servidor previamente
16:43:58 -> OK: TOTAL: 0 nuevos registros insertados en el servidor

16:43:58 -> INFO: Intentando actualizar en el servidor los registros de la tabla PROVEEDOR
16:43:58 -> OK: 15 viejos registros actualizados en el servidor
16:43:58 -> OK: TOTAL: 15 viejos registros actualizados en el servidor

16:43:58 -> INFO: Intentando insertar en el servidor nuevos registros de la tabla CONCEPTOS
16:43:58 -> INFO: Consultando en el servidor los registros insertados de la tabla CONCEPTOS
16:43:58 -> OK: TOTAL: 2 registros insertados en el servidor previamente
16:43:58 -> OK: TOTAL: 0 nuevos registros insertados en el servidor

16:43:58 -> INFO: Intentando actualizar en el servidor los registros de la tabla CONCEPTOS
16:43:58 -> OK: 2 viejos registros actualizados en el servidor
16:43:58 -> OK: TOTAL: 2 viejos registros actualizados en el servidor

16:43:58 -> INFO: Intentando insertar en el servidor nuevos registros de la tabla FORPAG
16:43:58 -> INFO: Consultando en el servidor los registros insertados de la tabla FORPAG
16:43:58 -> OK: TOTAL: 3 registros insertados en el servidor previamente
16:43:58 -> OK: TOTAL: 0 nuevos registros insertados en el servidor

16:43:58 -> INFO: Intentando actualizar en el servidor los registros de la tabla FORPAG
16:43:58 -> OK: 3 viejos registros actualizados en el servidor
16:43:58 -> OK: TOTAL: 3 viejos registros actualizados en el servidor

16:43:58 -> INFO: Intentando insertar en el servidor nuevos registros de la tabla SERIES
16:43:58 -> INFO: Consultando en el servidor los registros insertados de la tabla SERIES
16:43:58 -> OK: TOTAL: 4 registros insertados en el servidor previamente
16:43:59 -> OK: TOTAL: 0 nuevos registros insertados en el servidor

16:43:59 -> INFO: Intentando actualizar en el servidor los registros de la tabla SERIES
16:43:59 -> OK: 4 viejos registros actualizados en el servidor
16:43:59 -> OK: TOTAL: 4 viejos registros actualizados en el servidor

16:46:52 -> INFO: Intentando insertar en el servidor nuevos registros de la tabla EMPRESA
16:46:52 -> INFO: Consultando en el servidor los registros insertados de la tabla EMPRESA
16:46:53 -> OK: TOTAL: 0 nuevos registros insertados en el servidor

16:46:53 -> INFO: Intentando insertar en el servidor nuevos registros de la tabla FAMILIA1
16:46:53 -> INFO: Consultando en el servidor los registros insertados de la tabla FAMILIA1
16:46:53 -> OK: TOTAL: 0 nuevos registros insertados en el servidor

16:46:53 -> INFO: Intentando insertar en el servidor nuevos registros de la tabla ARTICULOS
16:46:53 -> INFO: Consultando en el servidor los registros insertados de la tabla ARTICULOS
16:46:54 -> OK: TOTAL: 0 nuevos registros insertados en el servidor

16:46:54 -> INFO: Intentando insertar en el servidor nuevos registros de la tabla EMPLEADOS
16:46:54 -> INFO: Consultando en el servidor los registros insertados de la tabla EMPLEADOS
16:46:54 -> OK: TOTAL: 0 nuevos registros insertados en el servidor

16:46:54 -> INFO: Intentando insertar en el servidor nuevos registros de la tabla CLIENTES
16:46:54 -> INFO: Consultando en el servidor los registros insertados de la tabla CLIENTES
16:46:54 -> OK: TOTAL: 0 nuevos registros insertados en el servidor

16:46:54 -> INFO: Intentando insertar en el servidor nuevos registros de la tabla PROVEEDOR
16:46:54 -> INFO: Consultando en el servidor los registros insertados de la tabla PROVEEDOR
16:46:55 -> OK: TOTAL: 0 nuevos registros insertados en el servidor

16:46:55 -> INFO: Intentando insertar en el servidor nuevos registros de la tabla CONCEPTOS
16:46:55 -> INFO: Consultando en el servidor los registros insertados de la tabla CONCEPTOS
16:46:55 -> OK: TOTAL: 0 nuevos registros insertados en el servidor

16:46:55 -> INFO: Intentando insertar en el servidor nuevos registros de la tabla FORPAG
16:46:55 -> INFO: Consultando en el servidor los registros insertados de la tabla FORPAG
16:46:56 -> OK: TOTAL: 0 nuevos registros insertados en el servidor

16:46:56 -> INFO: Intentando insertar en el servidor nuevos registros de la tabla SERIES
16:46:56 -> INFO: Consultando en el servidor los registros insertados de la tabla SERIES
16:46:56 -> OK: TOTAL: 0 nuevos registros insertados en el servidor

16:46:56 -> INFO: Intentando insertar en el servidor nuevos registros de la tabla FACCAB
16:46:56 -> INFO: Consultando en el servidor los registros insertados de la tabla FACCAB
16:46:56 -> OK: TOTAL: 0 nuevos registros insertados en el servidor

16:46:56 -> INFO: Intentando insertar en el servidor nuevos registros de la tabla FACLIN
16:46:56 -> INFO: Consultando en el servidor los registros insertados de la tabla FACLIN
16:46:57 -> OK: TOTAL: 0 nuevos registros insertados en el servidor

16:46:57 -> INFO: Intentando insertar en el servidor nuevos registros de la tabla FACPROC
16:46:57 -> INFO: Consultando en el servidor los registros insertados de la tabla FACPROC
16:46:57 -> OK: TOTAL: 0 nuevos registros insertados en el servidor

16:46:57 -> INFO: Intentando insertar en el servidor nuevos registros de la tabla FACPROL
16:46:57 -> INFO: Consultando en el servidor los registros insertados de la tabla FACPROL
16:46:57 -> OK: TOTAL: 0 nuevos registros insertados en el servidor

16:48:35 -> INFO: Intentando insertar en el servidor nuevos registros de la tabla EMPRESA
16:48:35 -> INFO: Consultando en el servidor los registros insertados de la tabla EMPRESA
16:48:36 -> OK: TOTAL: 1 registros insertados en el servidor previamente
16:48:36 -> OK: TOTAL: 0 nuevos registros insertados en el servidor

16:48:36 -> INFO: Intentando insertar en el servidor nuevos registros de la tabla FAMILIA1
16:48:36 -> INFO: Consultando en el servidor los registros insertados de la tabla FAMILIA1
16:48:37 -> OK: TOTAL: 8 registros insertados en el servidor previamente
16:48:37 -> OK: TOTAL: 0 nuevos registros insertados en el servidor

16:48:37 -> INFO: Intentando insertar en el servidor nuevos registros de la tabla ARTICULOS
16:48:37 -> INFO: Consultando en el servidor los registros insertados de la tabla ARTICULOS
16:48:37 -> OK: TOTAL: 47 registros insertados en el servidor previamente
16:48:37 -> OK: TOTAL: 0 nuevos registros insertados en el servidor

16:48:37 -> INFO: Intentando insertar en el servidor nuevos registros de la tabla EMPLEADOS
16:48:37 -> INFO: Consultando en el servidor los registros insertados de la tabla EMPLEADOS
16:48:38 -> OK: TOTAL: 13 registros insertados en el servidor previamente
16:48:38 -> OK: TOTAL: 0 nuevos registros insertados en el servidor

16:48:38 -> INFO: Intentando insertar en el servidor nuevos registros de la tabla CLIENTES
16:48:38 -> INFO: Consultando en el servidor los registros insertados de la tabla CLIENTES
16:48:38 -> OK: TOTAL: 14 registros insertados en el servidor previamente
16:48:38 -> OK: TOTAL: 0 nuevos registros insertados en el servidor

16:48:38 -> INFO: Intentando insertar en el servidor nuevos registros de la tabla PROVEEDOR
16:48:38 -> INFO: Consultando en el servidor los registros insertados de la tabla PROVEEDOR
16:48:39 -> OK: TOTAL: 15 registros insertados en el servidor previamente
16:48:39 -> OK: TOTAL: 0 nuevos registros insertados en el servidor

16:48:39 -> INFO: Intentando insertar en el servidor nuevos registros de la tabla CONCEPTOS
16:48:39 -> INFO: Consultando en el servidor los registros insertados de la tabla CONCEPTOS
16:48:39 -> OK: TOTAL: 2 registros insertados en el servidor previamente
16:48:39 -> OK: TOTAL: 0 nuevos registros insertados en el servidor

16:48:39 -> INFO: Intentando insertar en el servidor nuevos registros de la tabla FORPAG
16:48:39 -> INFO: Consultando en el servidor los registros insertados de la tabla FORPAG
16:48:40 -> OK: TOTAL: 3 registros insertados en el servidor previamente
16:48:40 -> OK: TOTAL: 0 nuevos registros insertados en el servidor

16:48:40 -> INFO: Intentando insertar en el servidor nuevos registros de la tabla SERIES
16:48:40 -> INFO: Consultando en el servidor los registros insertados de la tabla SERIES
16:48:40 -> OK: TOTAL: 4 registros insertados en el servidor previamente
16:48:40 -> OK: TOTAL: 0 nuevos registros insertados en el servidor

16:48:40 -> INFO: Intentando insertar en el servidor nuevos registros de la tabla FACCAB
16:48:40 -> INFO: Consultando en el servidor los registros insertados de la tabla FACCAB
16:48:41 -> OK: TOTAL: 15971 registros insertados en el servidor previamente
16:50:37 -> OK: 500 nuevos registros insertados en el servidor
16:51:45 -> OK: 500 nuevos registros insertados en el servidor
16:52:52 -> OK: 500 nuevos registros insertados en el servidor
16:54:01 -> OK: 500 nuevos registros insertados en el servidor
16:55:08 -> OK: 500 nuevos registros insertados en el servidor
16:56:15 -> OK: 500 nuevos registros insertados en el servidor
16:57:22 -> OK: 500 nuevos registros insertados en el servidor
16:58:29 -> OK: 500 nuevos registros insertados en el servidor
16:59:38 -> OK: 500 nuevos registros insertados en el servidor
17:00:45 -> OK: 500 nuevos registros insertados en el servidor
17:01:50 -> OK: 500 nuevos registros insertados en el servidor
17:02:56 -> OK: 500 nuevos registros insertados en el servidor
17:04:02 -> OK: 500 nuevos registros insertados en el servidor
17:05:08 -> OK: 500 nuevos registros insertados en el servidor
17:06:15 -> OK: 500 nuevos registros insertados en el servidor
17:07:20 -> OK: 500 nuevos registros insertados en el servidor
17:08:25 -> OK: 500 nuevos registros insertados en el servidor
17:09:30 -> OK: 500 nuevos registros insertados en el servidor
17:10:40 -> OK: 500 nuevos registros insertados en el servidor
17:11:46 -> OK: 500 nuevos registros insertados en el servidor
17:12:52 -> OK: 500 nuevos registros insertados en el servidor
17:14:00 -> OK: 500 nuevos registros insertados en el servidor
17:15:55 -> OK: 500 nuevos registros insertados en el servidor
17:17:01 -> OK: 500 nuevos registros insertados en el servidor
17:19:11 -> OK: 500 nuevos registros insertados en el servidor
17:21:13 -> OK: 500 nuevos registros insertados en el servidor
17:22:20 -> OK: 500 nuevos registros insertados en el servidor
17:23:39 -> OK: 500 nuevos registros insertados en el servidor
17:25:42 -> OK: 500 nuevos registros insertados en el servidor
17:27:13 -> OK: 500 nuevos registros insertados en el servidor
17:28:20 -> OK: 500 nuevos registros insertados en el servidor
17:29:31 -> OK: 500 nuevos registros insertados en el servidor
17:31:25 -> OK: 500 nuevos registros insertados en el servidor
17:32:31 -> OK: 500 nuevos registros insertados en el servidor
17:33:37 -> OK: 500 nuevos registros insertados en el servidor
17:34:44 -> OK: 500 nuevos registros insertados en el servidor
17:35:49 -> OK: 500 nuevos registros insertados en el servidor
17:36:56 -> OK: 500 nuevos registros insertados en el servidor
17:38:02 -> OK: 500 nuevos registros insertados en el servidor
17:39:08 -> OK: 500 nuevos registros insertados en el servidor
17:40:16 -> OK: 500 nuevos registros insertados en el servidor
17:41:23 -> OK: 500 nuevos registros insertados en el servidor
17:42:29 -> OK: 500 nuevos registros insertados en el servidor
17:43:36 -> OK: 500 nuevos registros insertados en el servidor
17:44:44 -> OK: 500 nuevos registros insertados en el servidor
17:45:51 -> OK: 500 nuevos registros insertados en el servidor
17:46:57 -> OK: 500 nuevos registros insertados en el servidor
17:48:04 -> OK: 500 nuevos registros insertados en el servidor
17:49:11 -> OK: 500 nuevos registros insertados en el servidor
17:50:45 -> OK: 500 nuevos registros insertados en el servidor
17:51:52 -> OK: 500 nuevos registros insertados en el servidor
17:52:58 -> OK: 500 nuevos registros insertados en el servidor
17:54:10 -> OK: 500 nuevos registros insertados en el servidor
17:54:57 -> OK: 350 nuevos registros insertados en el servidor
17:54:57 -> OK: TOTAL: 26856 nuevos registros insertados en el servidor

17:54:57 -> INFO: Intentando insertar en el servidor nuevos registros de la tabla FACLIN
17:54:57 -> INFO: Consultando en el servidor los registros insertados de la tabla FACLIN
17:54:58 -> OK: TOTAL: 500 registros insertados en el servidor previamente
17:55:26 -> OK: 500 nuevos registros insertados en el servidor
17:55:57 -> OK: 500 nuevos registros insertados en el servidor
17:56:24 -> OK: 500 nuevos registros insertados en el servidor
17:56:53 -> OK: 500 nuevos registros insertados en el servidor
17:57:21 -> OK: 500 nuevos registros insertados en el servidor
17:58:14 -> OK: 500 nuevos registros insertados en el servidor
17:58:41 -> OK: 500 nuevos registros insertados en el servidor
17:59:15 -> OK: 500 nuevos registros insertados en el servidor
17:59:43 -> OK: 500 nuevos registros insertados en el servidor
18:00:15 -> OK: 500 nuevos registros insertados en el servidor
18:00:46 -> OK: 500 nuevos registros insertados en el servidor
18:01:14 -> OK: 500 nuevos registros insertados en el servidor
18:01:47 -> OK: 500 nuevos registros insertados en el servidor
18:02:14 -> OK: 500 nuevos registros insertados en el servidor
18:02:43 -> OK: 500 nuevos registros insertados en el servidor
18:03:10 -> OK: 500 nuevos registros insertados en el servidor
18:03:48 -> OK: 500 nuevos registros insertados en el servidor
18:04:26 -> OK: 500 nuevos registros insertados en el servidor
18:04:54 -> OK: 500 nuevos registros insertados en el servidor
18:05:23 -> OK: 500 nuevos registros insertados en el servidor
18:05:56 -> OK: 500 nuevos registros insertados en el servidor
18:06:23 -> OK: 500 nuevos registros insertados en el servidor
18:06:51 -> OK: 500 nuevos registros insertados en el servidor
18:07:21 -> OK: 500 nuevos registros insertados en el servidor
18:07:59 -> OK: 500 nuevos registros insertados en el servidor
18:08:27 -> OK: 500 nuevos registros insertados en el servidor
18:09:04 -> OK: 500 nuevos registros insertados en el servidor
18:09:42 -> OK: 500 nuevos registros insertados en el servidor
18:10:09 -> OK: 500 nuevos registros insertados en el servidor
18:10:43 -> OK: 500 nuevos registros insertados en el servidor
18:11:11 -> OK: 500 nuevos registros insertados en el servidor
18:11:39 -> OK: 500 nuevos registros insertados en el servidor
18:12:06 -> OK: 500 nuevos registros insertados en el servidor
18:12:33 -> OK: 500 nuevos registros insertados en el servidor
18:13:02 -> OK: 500 nuevos registros insertados en el servidor
18:13:34 -> OK: 500 nuevos registros insertados en el servidor
18:14:01 -> OK: 500 nuevos registros insertados en el servidor
18:14:38 -> OK: 500 nuevos registros insertados en el servidor
18:15:07 -> OK: 500 nuevos registros insertados en el servidor
18:15:35 -> OK: 500 nuevos registros insertados en el servidor
18:16:03 -> OK: 500 nuevos registros insertados en el servidor
18:16:33 -> OK: 500 nuevos registros insertados en el servidor
18:17:03 -> OK: 500 nuevos registros insertados en el servidor
18:17:30 -> OK: 500 nuevos registros insertados en el servidor
18:17:58 -> OK: 500 nuevos registros insertados en el servidor
18:18:34 -> OK: 500 nuevos registros insertados en el servidor
18:19:11 -> OK: 500 nuevos registros insertados en el servidor
18:19:39 -> OK: 500 nuevos registros insertados en el servidor
18:20:07 -> OK: 500 nuevos registros insertados en el servidor
18:20:35 -> OK: 500 nuevos registros insertados en el servidor
18:21:04 -> OK: 500 nuevos registros insertados en el servidor
18:21:32 -> OK: 500 nuevos registros insertados en el servidor
18:22:00 -> OK: 500 nuevos registros insertados en el servidor
18:22:26 -> OK: 500 nuevos registros insertados en el servidor
18:22:53 -> OK: 500 nuevos registros insertados en el servidor
18:23:30 -> OK: 500 nuevos registros insertados en el servidor
18:24:00 -> OK: 500 nuevos registros insertados en el servidor
18:24:31 -> OK: 500 nuevos registros insertados en el servidor
18:25:00 -> OK: 500 nuevos registros insertados en el servidor
18:25:27 -> OK: 500 nuevos registros insertados en el servidor
18:26:02 -> OK: 500 nuevos registros insertados en el servidor
18:26:30 -> OK: 500 nuevos registros insertados en el servidor
18:27:04 -> OK: 500 nuevos registros insertados en el servidor
18:27:32 -> OK: 500 nuevos registros insertados en el servidor
18:28:00 -> OK: 500 nuevos registros insertados en el servidor
18:28:38 -> OK: 500 nuevos registros insertados en el servidor
18:29:11 -> OK: 500 nuevos registros insertados en el servidor
18:29:39 -> OK: 500 nuevos registros insertados en el servidor
18:30:06 -> OK: 500 nuevos registros insertados en el servidor
18:30:34 -> OK: 500 nuevos registros insertados en el servidor
18:31:01 -> OK: 500 nuevos registros insertados en el servidor
18:31:31 -> OK: 500 nuevos registros insertados en el servidor
18:31:58 -> OK: 500 nuevos registros insertados en el servidor
18:32:36 -> OK: 500 nuevos registros insertados en el servidor
18:33:15 -> OK: 500 nuevos registros insertados en el servidor
18:33:44 -> OK: 500 nuevos registros insertados en el servidor
18:34:13 -> OK: 500 nuevos registros insertados en el servidor
18:34:41 -> OK: 500 nuevos registros insertados en el servidor
18:35:11 -> OK: 500 nuevos registros insertados en el servidor
18:35:50 -> OK: 500 nuevos registros insertados en el servidor
18:36:18 -> OK: 500 nuevos registros insertados en el servidor
18:36:45 -> OK: 500 nuevos registros insertados en el servidor
18:37:13 -> OK: 500 nuevos registros insertados en el servidor
18:37:51 -> OK: 500 nuevos registros insertados en el servidor
18:38:21 -> OK: 500 nuevos registros insertados en el servidor
18:38:51 -> OK: 500 nuevos registros insertados en el servidor
18:39:19 -> OK: 500 nuevos registros insertados en el servidor
18:39:55 -> OK: 500 nuevos registros insertados en el servidor
18:40:42 -> ERROR: Error writing to server

18:40:42 -> OK: TOTAL: 44000 nuevos registros insertados en el servidor

18:40:42 -> INFO: Intentando insertar en el servidor nuevos registros de la tabla FACPROC
18:40:42 -> INFO: Consultando en el servidor los registros insertados de la tabla FACPROC
18:40:49 -> OK: TOTAL: 500 registros insertados en el servidor previamente
18:41:37 -> OK: 500 nuevos registros insertados en el servidor
18:42:15 -> OK: 500 nuevos registros insertados en el servidor
18:42:28 -> OK: 156 nuevos registros insertados en el servidor
18:42:28 -> OK: TOTAL: 1156 nuevos registros insertados en el servidor

18:42:28 -> INFO: Intentando insertar en el servidor nuevos registros de la tabla FACPROL
18:42:28 -> INFO: Consultando en el servidor los registros insertados de la tabla FACPROL
18:42:29 -> OK: TOTAL: 500 registros insertados en el servidor previamente
18:42:46 -> OK: 500 nuevos registros insertados en el servidor
18:43:02 -> OK: 500 nuevos registros insertados en el servidor
18:43:08 -> OK: 171 nuevos registros insertados en el servidor
18:43:08 -> OK: TOTAL: 1171 nuevos registros insertados en el servidor

18:52:20 -> INFO: 
Intentando insertar en el servidor nuevos registros de la tabla EMPRESA
18:52:20 -> INFO: Consultando en el servidor los registros insertados de la tabla EMPRESA
18:52:21 -> OK: TOTAL: 1 registros insertados en el servidor previamente
18:52:21 -> OK: TOTAL: 0 nuevos registros insertados en el servidor
18:52:21 -> INFO: 
Intentando insertar en el servidor nuevos registros de la tabla FAMILIA1
18:52:21 -> INFO: Consultando en el servidor los registros insertados de la tabla FAMILIA1
18:52:21 -> OK: TOTAL: 8 registros insertados en el servidor previamente
18:52:21 -> OK: TOTAL: 0 nuevos registros insertados en el servidor
18:52:21 -> INFO: 
Intentando insertar en el servidor nuevos registros de la tabla ARTICULOS
18:52:21 -> INFO: Consultando en el servidor los registros insertados de la tabla ARTICULOS
18:52:22 -> OK: TOTAL: 47 registros insertados en el servidor previamente
18:52:22 -> OK: TOTAL: 0 nuevos registros insertados en el servidor
18:52:22 -> INFO: 
Intentando insertar en el servidor nuevos registros de la tabla EMPLEADOS
18:52:22 -> INFO: Consultando en el servidor los registros insertados de la tabla EMPLEADOS
18:52:22 -> OK: TOTAL: 13 registros insertados en el servidor previamente
18:52:22 -> OK: TOTAL: 0 nuevos registros insertados en el servidor
18:52:22 -> INFO: 
Intentando insertar en el servidor nuevos registros de la tabla CLIENTES
18:52:22 -> INFO: Consultando en el servidor los registros insertados de la tabla CLIENTES
18:52:23 -> OK: TOTAL: 14 registros insertados en el servidor previamente
18:52:23 -> OK: TOTAL: 0 nuevos registros insertados en el servidor
18:52:23 -> INFO: 
Intentando insertar en el servidor nuevos registros de la tabla PROVEEDOR
18:52:23 -> INFO: Consultando en el servidor los registros insertados de la tabla PROVEEDOR
18:52:23 -> OK: TOTAL: 15 registros insertados en el servidor previamente
18:52:23 -> OK: TOTAL: 0 nuevos registros insertados en el servidor
18:52:23 -> INFO: 
Intentando insertar en el servidor nuevos registros de la tabla CONCEPTOS
18:52:23 -> INFO: Consultando en el servidor los registros insertados de la tabla CONCEPTOS
18:52:24 -> OK: TOTAL: 2 registros insertados en el servidor previamente
18:52:24 -> OK: TOTAL: 0 nuevos registros insertados en el servidor
18:52:24 -> INFO: 
Intentando insertar en el servidor nuevos registros de la tabla FORPAG
18:52:24 -> INFO: Consultando en el servidor los registros insertados de la tabla FORPAG
18:52:24 -> OK: TOTAL: 3 registros insertados en el servidor previamente
18:52:24 -> OK: TOTAL: 0 nuevos registros insertados en el servidor
18:52:24 -> INFO: 
Intentando insertar en el servidor nuevos registros de la tabla SERIES
18:52:24 -> INFO: Consultando en el servidor los registros insertados de la tabla SERIES
18:52:26 -> OK: TOTAL: 4 registros insertados en el servidor previamente
18:52:26 -> OK: TOTAL: 0 nuevos registros insertados en el servidor
18:52:26 -> INFO: 
Intentando insertar en el servidor nuevos registros de la tabla FACCAB
18:52:26 -> INFO: Consultando en el servidor los registros insertados de la tabla FACCAB
18:52:27 -> OK: TOTAL: 42827 registros insertados en el servidor previamente
18:52:27 -> OK: TOTAL: 0 nuevos registros insertados en el servidor
18:52:27 -> INFO: 
Intentando insertar en el servidor nuevos registros de la tabla FACLIN
18:52:27 -> INFO: Consultando en el servidor los registros insertados de la tabla FACLIN
18:52:27 -> OK: TOTAL: 44500 registros insertados en el servidor previamente
18:53:11 -> OK: 500 nuevos registros insertados en el servidor
18:53:41 -> OK: 500 nuevos registros insertados en el servidor
18:55:45 -> OK: 500 nuevos registros insertados en el servidor
18:56:19 -> OK: 500 nuevos registros insertados en el servidor
18:56:57 -> OK: 500 nuevos registros insertados en el servidor
18:57:29 -> OK: 500 nuevos registros insertados en el servidor
18:58:09 -> OK: 500 nuevos registros insertados en el servidor
18:59:10 -> OK: 500 nuevos registros insertados en el servidor
18:59:42 -> OK: 500 nuevos registros insertados en el servidor
19:01:48 -> OK: 500 nuevos registros insertados en el servidor
19:02:17 -> OK: 500 nuevos registros insertados en el servidor
19:02:48 -> OK: 500 nuevos registros insertados en el servidor
19:03:39 -> OK: 500 nuevos registros insertados en el servidor
19:04:23 -> OK: 500 nuevos registros insertados en el servidor
19:05:22 -> OK: 500 nuevos registros insertados en el servidor
19:06:25 -> OK: 500 nuevos registros insertados en el servidor
19:06:58 -> OK: 500 nuevos registros insertados en el servidor
19:07:27 -> OK: 500 nuevos registros insertados en el servidor
19:07:55 -> OK: 500 nuevos registros insertados en el servidor
19:08:25 -> OK: 500 nuevos registros insertados en el servidor
19:09:01 -> OK: 500 nuevos registros insertados en el servidor
19:09:38 -> OK: 500 nuevos registros insertados en el servidor
19:10:15 -> OK: 500 nuevos registros insertados en el servidor
19:10:43 -> OK: 500 nuevos registros insertados en el servidor
19:12:32 -> OK: 500 nuevos registros insertados en el servidor
19:13:00 -> OK: 500 nuevos registros insertados en el servidor
19:13:28 -> OK: 500 nuevos registros insertados en el servidor
19:13:57 -> OK: 500 nuevos registros insertados en el servidor
19:14:35 -> OK: 500 nuevos registros insertados en el servidor
19:15:03 -> OK: 500 nuevos registros insertados en el servidor
19:15:44 -> OK: 500 nuevos registros insertados en el servidor
19:16:12 -> OK: 500 nuevos registros insertados en el servidor
19:17:20 -> OK: 500 nuevos registros insertados en el servidor
19:19:26 -> OK: 500 nuevos registros insertados en el servidor
19:20:12 -> OK: 500 nuevos registros insertados en el servidor
19:20:42 -> OK: 500 nuevos registros insertados en el servidor
19:21:23 -> OK: 500 nuevos registros insertados en el servidor
19:21:57 -> OK: 500 nuevos registros insertados en el servidor
19:22:33 -> OK: 500 nuevos registros insertados en el servidor
19:23:23 -> OK: 500 nuevos registros insertados en el servidor
19:24:00 -> OK: 500 nuevos registros insertados en el servidor
19:24:49 -> OK: 500 nuevos registros insertados en el servidor
19:26:07 -> OK: 500 nuevos registros insertados en el servidor
19:26:39 -> OK: 500 nuevos registros insertados en el servidor
19:27:18 -> OK: 500 nuevos registros insertados en el servidor
19:27:50 -> OK: 500 nuevos registros insertados en el servidor
19:31:00 -> OK: 500 nuevos registros insertados en el servidor
19:32:39 -> OK: 500 nuevos registros insertados en el servidor
19:32:56 -> OK: 279 nuevos registros insertados en el servidor
19:32:56 -> OK: TOTAL: 24279 nuevos registros insertados en el servidor
19:32:56 -> INFO: 
Intentando insertar en el servidor nuevos registros de la tabla FACPROC
19:32:56 -> INFO: Consultando en el servidor los registros insertados de la tabla FACPROC
19:32:57 -> OK: TOTAL: 1656 registros insertados en el servidor previamente
19:32:57 -> OK: TOTAL: 0 nuevos registros insertados en el servidor
19:32:57 -> INFO: 
Intentando insertar en el servidor nuevos registros de la tabla FACPROL
19:32:57 -> INFO: Consultando en el servidor los registros insertados de la tabla FACPROL
19:32:58 -> OK: TOTAL: 1671 registros insertados en el servidor previamente
19:32:58 -> OK: TOTAL: 0 nuevos registros insertados en el servidor
