15:04:04 -> INFO: Insertando registros de la tabla EMPRESA
15:04:04 -> OK: 1 nuevos registros insertados
15:04:04 -> OK: TOTAL: 1 nuevos registros insertados

15:04:04 -> INFO: Actualizando registros de la tabla EMPRESA
15:04:04 -> OK: 1 viejos registros actualizados
15:04:04 -> OK: TOTAL: 1 viejos registros actualizados

15:04:04 -> INFO: Insertando registros de la tabla FAMILIA1
15:04:04 -> OK: 8 nuevos registros insertados
15:04:04 -> OK: TOTAL: 8 nuevos registros insertados

15:04:04 -> INFO: Actualizando registros de la tabla FAMILIA1
15:04:05 -> OK: 8 viejos registros actualizados
15:04:05 -> OK: TOTAL: 8 viejos registros actualizados

15:04:05 -> INFO: Insertando registros de la tabla ARTICULOS
15:04:05 -> OK: 47 nuevos registros insertados
15:04:05 -> OK: TOTAL: 47 nuevos registros insertados

15:04:05 -> INFO: Actualizando registros de la tabla ARTICULOS
15:04:06 -> OK: 47 viejos registros actualizados
15:04:06 -> OK: TOTAL: 47 viejos registros actualizados

15:04:06 -> INFO: Insertando registros de la tabla EMPLEADOS
15:04:06 -> OK: 13 nuevos registros insertados
15:04:06 -> OK: TOTAL: 13 nuevos registros insertados

15:04:06 -> INFO: Actualizando registros de la tabla EMPLEADOS
15:04:06 -> OK: 13 viejos registros actualizados
15:04:06 -> OK: TOTAL: 13 viejos registros actualizados

15:04:06 -> INFO: Insertando registros de la tabla CLIENTES
15:04:06 -> OK: 14 nuevos registros insertados
15:04:06 -> OK: TOTAL: 14 nuevos registros insertados

15:04:06 -> INFO: Actualizando registros de la tabla CLIENTES
15:04:07 -> OK: 14 viejos registros actualizados
15:04:07 -> OK: TOTAL: 14 viejos registros actualizados

15:04:07 -> INFO: Insertando registros de la tabla PROVEEDOR
15:04:07 -> OK: 15 nuevos registros insertados
15:04:07 -> OK: TOTAL: 15 nuevos registros insertados

15:04:07 -> INFO: Actualizando registros de la tabla PROVEEDOR
15:04:07 -> OK: 15 viejos registros actualizados
15:04:07 -> OK: TOTAL: 15 viejos registros actualizados

15:04:07 -> INFO: Insertando registros de la tabla CONCEPTOS
15:04:07 -> OK: 2 nuevos registros insertados
15:04:07 -> OK: TOTAL: 2 nuevos registros insertados

15:04:07 -> INFO: Actualizando registros de la tabla CONCEPTOS
15:04:07 -> OK: 2 viejos registros actualizados
15:04:07 -> OK: TOTAL: 2 viejos registros actualizados

15:04:07 -> INFO: Insertando registros de la tabla FORPAG
15:04:07 -> OK: 3 nuevos registros insertados
15:04:08 -> OK: TOTAL: 3 nuevos registros insertados

15:04:08 -> INFO: Actualizando registros de la tabla FORPAG
15:04:08 -> OK: 3 viejos registros actualizados
15:04:08 -> OK: TOTAL: 3 viejos registros actualizados

15:04:08 -> INFO: Insertando registros de la tabla SERIES
15:04:08 -> OK: 4 nuevos registros insertados
15:04:08 -> OK: TOTAL: 4 nuevos registros insertados

15:04:08 -> INFO: Actualizando registros de la tabla SERIES
15:04:08 -> OK: 4 viejos registros actualizados
15:04:08 -> OK: TOTAL: 4 viejos registros actualizados

15:04:08 -> INFO: Insertando registros de la tabla FACCAB
15:04:14 -> OK: 1000 nuevos registros insertados
15:04:25 -> OK: 1000 nuevos registros insertados
15:04:32 -> OK: 1000 nuevos registros insertados
15:04:42 -> OK: 1000 nuevos registros insertados
15:04:55 -> OK: 1000 nuevos registros insertados
15:05:08 -> OK: 1000 nuevos registros insertados
15:05:20 -> OK: 1000 nuevos registros insertados
15:05:29 -> OK: 1000 nuevos registros insertados
15:05:34 -> OK: 1000 nuevos registros insertados
15:05:44 -> OK: 1000 nuevos registros insertados
15:05:55 -> OK: 1000 nuevos registros insertados
15:06:02 -> OK: 1000 nuevos registros insertados
15:06:15 -> OK: 1000 nuevos registros insertados
15:06:26 -> OK: 1000 nuevos registros insertados
15:06:36 -> OK: 1000 nuevos registros insertados
15:06:41 -> OK: 1000 nuevos registros insertados
15:06:46 -> OK: 1000 nuevos registros insertados
15:06:51 -> OK: 1000 nuevos registros insertados
15:06:56 -> OK: 1000 nuevos registros insertados
15:07:02 -> OK: 1000 nuevos registros insertados
15:07:07 -> OK: 1000 nuevos registros insertados
15:07:13 -> OK: 1000 nuevos registros insertados
15:07:19 -> OK: 1000 nuevos registros insertados
15:07:24 -> OK: 1000 nuevos registros insertados
15:07:30 -> OK: 1000 nuevos registros insertados
15:07:36 -> OK: 1000 nuevos registros insertados
15:07:41 -> OK: 1000 nuevos registros insertados
15:07:46 -> OK: 1000 nuevos registros insertados
15:07:52 -> OK: 1000 nuevos registros insertados
15:07:58 -> OK: 1000 nuevos registros insertados
15:08:04 -> OK: 1000 nuevos registros insertados
15:08:09 -> OK: 1000 nuevos registros insertados
15:08:14 -> OK: 1000 nuevos registros insertados
15:08:20 -> OK: 1000 nuevos registros insertados
15:08:26 -> OK: 1000 nuevos registros insertados
15:08:31 -> OK: 1000 nuevos registros insertados
15:08:37 -> OK: 1000 nuevos registros insertados
15:08:42 -> OK: 1000 nuevos registros insertados
15:08:47 -> OK: 1000 nuevos registros insertados
15:08:53 -> OK: 1000 nuevos registros insertados
15:08:58 -> OK: 1000 nuevos registros insertados
15:09:04 -> OK: 1000 nuevos registros insertados
15:09:09 -> OK: 827 nuevos registros insertados
15:09:09 -> OK: TOTAL: 42827 nuevos registros insertados

15:09:09 -> INFO: Insertando registros de la tabla FACLIN
15:09:13 -> OK: 1000 nuevos registros insertados
15:09:16 -> OK: 1000 nuevos registros insertados
15:09:20 -> OK: 1000 nuevos registros insertados
15:09:23 -> OK: 1000 nuevos registros insertados
15:09:26 -> OK: 1000 nuevos registros insertados
15:09:29 -> OK: 1000 nuevos registros insertados
15:09:31 -> OK: 1000 nuevos registros insertados
15:09:33 -> OK: 1000 nuevos registros insertados
15:09:37 -> OK: 1000 nuevos registros insertados
15:09:40 -> OK: 1000 nuevos registros insertados
15:09:44 -> OK: 1000 nuevos registros insertados
15:09:47 -> OK: 1000 nuevos registros insertados
15:09:50 -> OK: 1000 nuevos registros insertados
15:09:54 -> OK: 1000 nuevos registros insertados
15:09:58 -> OK: 1000 nuevos registros insertados
15:10:01 -> OK: 1000 nuevos registros insertados
15:10:04 -> OK: 1000 nuevos registros insertados
15:10:06 -> OK: 1000 nuevos registros insertados
15:10:10 -> OK: 1000 nuevos registros insertados
15:10:13 -> OK: 1000 nuevos registros insertados
15:10:15 -> OK: 1000 nuevos registros insertados
15:10:17 -> OK: 1000 nuevos registros insertados
15:10:19 -> OK: 1000 nuevos registros insertados
15:10:23 -> OK: 1000 nuevos registros insertados
15:10:27 -> OK: 1000 nuevos registros insertados
15:10:30 -> OK: 1000 nuevos registros insertados
15:10:33 -> OK: 1000 nuevos registros insertados
15:10:35 -> OK: 1000 nuevos registros insertados
15:10:39 -> OK: 1000 nuevos registros insertados
15:10:42 -> OK: 1000 nuevos registros insertados
15:10:46 -> OK: 1000 nuevos registros insertados
15:10:50 -> OK: 1000 nuevos registros insertados
15:10:54 -> OK: 1000 nuevos registros insertados
15:10:58 -> OK: 1000 nuevos registros insertados
15:11:00 -> OK: 1000 nuevos registros insertados
15:11:04 -> OK: 1000 nuevos registros insertados
15:11:07 -> OK: 1000 nuevos registros insertados
15:11:11 -> OK: 1000 nuevos registros insertados
15:11:15 -> OK: 1000 nuevos registros insertados
15:11:18 -> OK: 1000 nuevos registros insertados
15:11:22 -> OK: 1000 nuevos registros insertados
15:11:25 -> OK: 1000 nuevos registros insertados
15:11:29 -> OK: 1000 nuevos registros insertados
15:11:33 -> OK: 1000 nuevos registros insertados
15:11:36 -> OK: 1000 nuevos registros insertados
15:11:40 -> OK: 1000 nuevos registros insertados
15:11:43 -> OK: 1000 nuevos registros insertados
15:11:47 -> OK: 1000 nuevos registros insertados
15:11:50 -> OK: 1000 nuevos registros insertados
15:11:54 -> OK: 1000 nuevos registros insertados
15:11:57 -> OK: 1000 nuevos registros insertados
15:12:01 -> OK: 1000 nuevos registros insertados
15:12:04 -> OK: 1000 nuevos registros insertados
15:12:08 -> OK: 1000 nuevos registros insertados
15:12:11 -> OK: 1000 nuevos registros insertados
15:12:15 -> OK: 1000 nuevos registros insertados
15:12:19 -> OK: 1000 nuevos registros insertados
15:12:22 -> OK: 1000 nuevos registros insertados
15:12:26 -> OK: 1000 nuevos registros insertados
15:12:30 -> OK: 1000 nuevos registros insertados
15:12:33 -> OK: 1000 nuevos registros insertados
15:12:37 -> OK: 1000 nuevos registros insertados
15:12:41 -> OK: 1000 nuevos registros insertados
15:12:44 -> OK: 1000 nuevos registros insertados
15:12:49 -> OK: 1000 nuevos registros insertados
15:12:52 -> OK: 1000 nuevos registros insertados
15:12:56 -> OK: 1000 nuevos registros insertados
15:13:00 -> OK: 1000 nuevos registros insertados
15:13:03 -> OK: 779 nuevos registros insertados
15:13:03 -> OK: TOTAL: 68779 nuevos registros insertados

15:13:03 -> INFO: Insertando registros de la tabla FACPROC
15:13:06 -> OK: 1000 nuevos registros insertados
15:13:08 -> OK: 656 nuevos registros insertados
15:13:08 -> OK: TOTAL: 1656 nuevos registros insertados

15:13:08 -> INFO: Insertando registros de la tabla FACPROL
15:13:12 -> OK: 1000 nuevos registros insertados
15:13:15 -> OK: 671 nuevos registros insertados
15:13:15 -> OK: TOTAL: 1671 nuevos registros insertados

15:14:47 -> INFO: Insertando registros de la tabla EMPRESA
15:14:47 -> OK: TOTAL: 0 nuevos registros insertados

15:14:47 -> INFO: Actualizando registros de la tabla EMPRESA
15:14:47 -> OK: 1 viejos registros actualizados
15:14:47 -> OK: TOTAL: 1 viejos registros actualizados

15:15:28 -> INFO: Insertando registros de la tabla EMPRESA
15:15:28 -> OK: TOTAL: 0 nuevos registros insertados

15:15:28 -> INFO: Actualizando registros de la tabla EMPRESA
15:15:28 -> OK: 1 viejos registros actualizados
15:15:28 -> OK: TOTAL: 1 viejos registros actualizados

