11:28:25 -> -------------------------------------------------------------------------------
11:28:25 -> INFO: INICIO DE PROCESO DE SINCRONIZACION DE DATOS AUTOMATICO
11:28:25 -> -------------------------------------------------------------------------------
11:28:25 -> INFO: Intentando insertar en el servidor nuevos registros de la tabla EMPRESA
11:28:25 -> INFO: Consultando en el servidor los registros insertados de la tabla EMPRESA
11:28:30 -> OK: TOTAL: 1 registros insertados en el servidor previamente
11:28:30 -> OK: TOTAL: 0 nuevos registros insertados en el servidor

11:28:30 -> INFO: Intentando insertar en el servidor nuevos registros de la tabla FAMILIA1
11:28:30 -> INFO: Consultando en el servidor los registros insertados de la tabla FAMILIA1
11:28:30 -> OK: TOTAL: 8 registros insertados en el servidor previamente
11:28:30 -> OK: TOTAL: 0 nuevos registros insertados en el servidor

11:28:30 -> INFO: Intentando insertar en el servidor nuevos registros de la tabla ARTICULOS
11:28:30 -> INFO: Consultando en el servidor los registros insertados de la tabla ARTICULOS
11:28:30 -> OK: TOTAL: 46 registros insertados en el servidor previamente
11:28:31 -> ERROR: Fall&oacute; la ejecuci&oacute;n de la sentencia en la tabla: (1048) Column 'codart' cannot be null<br>46
11:28:31 -> INFO: Intentando insertar en el servidor nuevos registros de la tabla EMPLEADOS
11:28:31 -> INFO: Consultando en el servidor los registros insertados de la tabla EMPLEADOS
11:28:31 -> OK: TOTAL: 13 registros insertados en el servidor previamente
11:28:31 -> OK: TOTAL: 0 nuevos registros insertados en el servidor

11:28:31 -> INFO: Intentando insertar en el servidor nuevos registros de la tabla CLIENTES
11:28:31 -> INFO: Consultando en el servidor los registros insertados de la tabla CLIENTES
11:28:31 -> OK: TOTAL: 14 registros insertados en el servidor previamente
11:28:31 -> OK: TOTAL: 0 nuevos registros insertados en el servidor

11:28:31 -> INFO: Intentando insertar en el servidor nuevos registros de la tabla PROVEEDOR
11:28:31 -> INFO: Consultando en el servidor los registros insertados de la tabla PROVEEDOR
11:28:31 -> OK: TOTAL: 15 registros insertados en el servidor previamente
11:28:32 -> OK: TOTAL: 0 nuevos registros insertados en el servidor

11:28:32 -> INFO: Intentando insertar en el servidor nuevos registros de la tabla CONCEPTOS
11:28:32 -> INFO: Consultando en el servidor los registros insertados de la tabla CONCEPTOS
11:28:32 -> OK: TOTAL: 2 registros insertados en el servidor previamente
11:28:32 -> OK: TOTAL: 0 nuevos registros insertados en el servidor

11:28:32 -> INFO: Intentando insertar en el servidor nuevos registros de la tabla FORPAG
11:28:32 -> INFO: Consultando en el servidor los registros insertados de la tabla FORPAG
11:28:32 -> OK: TOTAL: 3 registros insertados en el servidor previamente
11:28:32 -> OK: TOTAL: 0 nuevos registros insertados en el servidor

11:28:32 -> INFO: Intentando insertar en el servidor nuevos registros de la tabla SERIES
11:28:32 -> INFO: Consultando en el servidor los registros insertados de la tabla SERIES
11:28:32 -> OK: TOTAL: 4 registros insertados en el servidor previamente
11:28:32 -> OK: TOTAL: 0 nuevos registros insertados en el servidor

11:28:32 -> INFO: Intentando insertar en el servidor nuevos registros de la tabla FACCAB
11:28:32 -> INFO: Consultando en el servidor los registros insertados de la tabla FACCAB
11:28:33 -> OK: TOTAL: 42827 registros insertados en el servidor previamente
11:28:34 -> OK: TOTAL: 0 nuevos registros insertados en el servidor

11:28:34 -> INFO: Intentando insertar en el servidor nuevos registros de la tabla FACLIN
11:28:34 -> INFO: Consultando en el servidor los registros insertados de la tabla FACLIN
11:28:36 -> OK: TOTAL: 68779 registros insertados en el servidor previamente
11:28:37 -> OK: TOTAL: 0 nuevos registros insertados en el servidor

11:28:37 -> INFO: Intentando insertar en el servidor nuevos registros de la tabla FACPROC
11:28:37 -> INFO: Consultando en el servidor los registros insertados de la tabla FACPROC
11:28:37 -> OK: TOTAL: 1656 registros insertados en el servidor previamente
11:28:37 -> OK: TOTAL: 0 nuevos registros insertados en el servidor

11:28:37 -> INFO: Intentando insertar en el servidor nuevos registros de la tabla FACPROL
11:28:37 -> INFO: Consultando en el servidor los registros insertados de la tabla FACPROL
11:28:38 -> OK: TOTAL: 1671 registros insertados en el servidor previamente
11:28:38 -> OK: TOTAL: 0 nuevos registros insertados en el servidor

11:28:38 -> INFO: Intentando insertar en el servidor nuevos registros de la tabla CIECAB
11:28:38 -> INFO: Consultando en el servidor los registros insertados de la tabla CIECAB
11:28:38 -> OK: TOTAL: 0 nuevos registros insertados en el servidor

11:28:38 -> INFO: Intentando insertar en el servidor nuevos registros de la tabla CIELIN
11:28:38 -> INFO: Consultando en el servidor los registros insertados de la tabla CIELIN
11:28:38 -> OK: TOTAL: 0 nuevos registros insertados en el servidor

11:28:38 -> -------------------------------------------------------------------------------
11:28:38 -> INFO: FIN DE PROCESO DE SINCRONIZACION DE DATOS AUTOMATICO
11:28:38 -> -------------------------------------------------------------------------------


11:28:39 -> -------------------------------------------------------------------------------
11:28:39 -> INFO: INICIO DE PROCESO DE SINCRONIZACION DE DATOS AUTOMATICO
11:28:39 -> -------------------------------------------------------------------------------
11:28:39 -> INFO: Intentando insertar en el servidor nuevos registros de la tabla EMPRESA
11:28:39 -> INFO: Consultando en el servidor los registros insertados de la tabla EMPRESA
11:28:39 -> OK: TOTAL: 1 registros insertados en el servidor previamente
11:28:39 -> OK: TOTAL: 0 nuevos registros insertados en el servidor

11:28:39 -> INFO: Intentando insertar en el servidor nuevos registros de la tabla FAMILIA1
11:28:39 -> INFO: Consultando en el servidor los registros insertados de la tabla FAMILIA1
11:28:39 -> OK: TOTAL: 8 registros insertados en el servidor previamente
11:28:39 -> OK: TOTAL: 0 nuevos registros insertados en el servidor

11:28:39 -> INFO: Intentando insertar en el servidor nuevos registros de la tabla ARTICULOS
11:28:39 -> INFO: Consultando en el servidor los registros insertados de la tabla ARTICULOS
11:28:39 -> OK: TOTAL: 46 registros insertados en el servidor previamente
11:28:39 -> ERROR: Fall&oacute; la ejecuci&oacute;n de la sentencia en la tabla: (1048) Column 'codart' cannot be null<br>46
11:28:39 -> INFO: Intentando insertar en el servidor nuevos registros de la tabla EMPLEADOS
11:28:39 -> INFO: Consultando en el servidor los registros insertados de la tabla EMPLEADOS
11:28:39 -> OK: TOTAL: 13 registros insertados en el servidor previamente
11:28:39 -> OK: TOTAL: 0 nuevos registros insertados en el servidor

11:28:39 -> INFO: Intentando insertar en el servidor nuevos registros de la tabla CLIENTES
11:28:39 -> INFO: Consultando en el servidor los registros insertados de la tabla CLIENTES
11:28:39 -> OK: TOTAL: 14 registros insertados en el servidor previamente
11:28:39 -> OK: TOTAL: 0 nuevos registros insertados en el servidor

11:28:39 -> INFO: Intentando insertar en el servidor nuevos registros de la tabla PROVEEDOR
11:28:39 -> INFO: Consultando en el servidor los registros insertados de la tabla PROVEEDOR
11:28:39 -> OK: TOTAL: 15 registros insertados en el servidor previamente
11:28:39 -> OK: TOTAL: 0 nuevos registros insertados en el servidor

11:28:39 -> INFO: Intentando insertar en el servidor nuevos registros de la tabla CONCEPTOS
11:28:39 -> INFO: Consultando en el servidor los registros insertados de la tabla CONCEPTOS
11:28:39 -> OK: TOTAL: 2 registros insertados en el servidor previamente
11:28:39 -> OK: TOTAL: 0 nuevos registros insertados en el servidor

11:28:39 -> INFO: Intentando insertar en el servidor nuevos registros de la tabla FORPAG
11:28:39 -> INFO: Consultando en el servidor los registros insertados de la tabla FORPAG
11:28:39 -> OK: TOTAL: 3 registros insertados en el servidor previamente
11:28:39 -> OK: TOTAL: 0 nuevos registros insertados en el servidor

11:28:39 -> INFO: Intentando insertar en el servidor nuevos registros de la tabla SERIES
11:28:39 -> INFO: Consultando en el servidor los registros insertados de la tabla SERIES
11:28:39 -> OK: TOTAL: 4 registros insertados en el servidor previamente
11:28:40 -> OK: TOTAL: 0 nuevos registros insertados en el servidor

11:28:40 -> INFO: Intentando insertar en el servidor nuevos registros de la tabla FACCAB
11:28:40 -> INFO: Consultando en el servidor los registros insertados de la tabla FACCAB
11:28:40 -> OK: TOTAL: 42827 registros insertados en el servidor previamente
11:28:40 -> OK: TOTAL: 0 nuevos registros insertados en el servidor

11:28:40 -> INFO: Intentando insertar en el servidor nuevos registros de la tabla FACLIN
11:28:40 -> INFO: Consultando en el servidor los registros insertados de la tabla FACLIN
11:28:40 -> OK: TOTAL: 68779 registros insertados en el servidor previamente
11:28:40 -> OK: TOTAL: 0 nuevos registros insertados en el servidor

11:28:40 -> INFO: Intentando insertar en el servidor nuevos registros de la tabla FACPROC
11:28:40 -> INFO: Consultando en el servidor los registros insertados de la tabla FACPROC
11:28:41 -> OK: TOTAL: 1656 registros insertados en el servidor previamente
11:28:41 -> OK: TOTAL: 0 nuevos registros insertados en el servidor

11:28:41 -> INFO: Intentando insertar en el servidor nuevos registros de la tabla FACPROL
11:28:41 -> INFO: Consultando en el servidor los registros insertados de la tabla FACPROL
11:28:41 -> OK: TOTAL: 1671 registros insertados en el servidor previamente
11:28:41 -> OK: TOTAL: 0 nuevos registros insertados en el servidor

11:28:41 -> INFO: Intentando insertar en el servidor nuevos registros de la tabla CIECAB
11:28:41 -> INFO: Consultando en el servidor los registros insertados de la tabla CIECAB
11:28:41 -> OK: TOTAL: 0 nuevos registros insertados en el servidor

11:28:41 -> INFO: Intentando insertar en el servidor nuevos registros de la tabla CIELIN
11:28:41 -> INFO: Consultando en el servidor los registros insertados de la tabla CIELIN
11:28:41 -> OK: TOTAL: 0 nuevos registros insertados en el servidor

11:28:41 -> -------------------------------------------------------------------------------
11:28:41 -> INFO: FIN DE PROCESO DE SINCRONIZACION DE DATOS AUTOMATICO
11:28:41 -> -------------------------------------------------------------------------------


11:28:41 -> -------------------------------------------------------------------------------
11:28:41 -> INFO: INICIO DE PROCESO DE SINCRONIZACION DE DATOS AUTOMATICO
11:28:41 -> -------------------------------------------------------------------------------
11:28:41 -> INFO: Intentando insertar en el servidor nuevos registros de la tabla EMPRESA
11:28:41 -> INFO: Consultando en el servidor los registros insertados de la tabla EMPRESA
11:28:41 -> OK: TOTAL: 1 registros insertados en el servidor previamente
11:28:41 -> OK: TOTAL: 0 nuevos registros insertados en el servidor

11:28:41 -> INFO: Intentando insertar en el servidor nuevos registros de la tabla FAMILIA1
11:28:41 -> INFO: Consultando en el servidor los registros insertados de la tabla FAMILIA1
11:28:41 -> OK: TOTAL: 8 registros insertados en el servidor previamente
11:28:42 -> OK: TOTAL: 0 nuevos registros insertados en el servidor

11:28:42 -> INFO: Intentando insertar en el servidor nuevos registros de la tabla ARTICULOS
11:28:42 -> INFO: Consultando en el servidor los registros insertados de la tabla ARTICULOS
11:28:42 -> OK: TOTAL: 46 registros insertados en el servidor previamente
11:28:42 -> ERROR: Fall&oacute; la ejecuci&oacute;n de la sentencia en la tabla: (1048) Column 'codart' cannot be null<br>46
11:28:42 -> INFO: Intentando insertar en el servidor nuevos registros de la tabla EMPLEADOS
11:28:42 -> INFO: Consultando en el servidor los registros insertados de la tabla EMPLEADOS
11:28:42 -> OK: TOTAL: 13 registros insertados en el servidor previamente
11:28:42 -> OK: TOTAL: 0 nuevos registros insertados en el servidor

11:28:42 -> INFO: Intentando insertar en el servidor nuevos registros de la tabla CLIENTES
11:28:42 -> INFO: Consultando en el servidor los registros insertados de la tabla CLIENTES
11:28:42 -> OK: TOTAL: 14 registros insertados en el servidor previamente
11:28:42 -> OK: TOTAL: 0 nuevos registros insertados en el servidor

11:28:42 -> INFO: Intentando insertar en el servidor nuevos registros de la tabla PROVEEDOR
11:28:42 -> INFO: Consultando en el servidor los registros insertados de la tabla PROVEEDOR
11:28:42 -> OK: TOTAL: 15 registros insertados en el servidor previamente
11:28:42 -> OK: TOTAL: 0 nuevos registros insertados en el servidor

11:28:42 -> INFO: Intentando insertar en el servidor nuevos registros de la tabla CONCEPTOS
11:28:42 -> INFO: Consultando en el servidor los registros insertados de la tabla CONCEPTOS
11:28:42 -> OK: TOTAL: 2 registros insertados en el servidor previamente
11:28:42 -> OK: TOTAL: 0 nuevos registros insertados en el servidor

11:28:42 -> INFO: Intentando insertar en el servidor nuevos registros de la tabla FORPAG
11:28:42 -> INFO: Consultando en el servidor los registros insertados de la tabla FORPAG
11:28:42 -> OK: TOTAL: 3 registros insertados en el servidor previamente
11:28:42 -> OK: TOTAL: 0 nuevos registros insertados en el servidor

11:28:42 -> INFO: Intentando insertar en el servidor nuevos registros de la tabla SERIES
11:28:42 -> INFO: Consultando en el servidor los registros insertados de la tabla SERIES
11:28:42 -> OK: TOTAL: 4 registros insertados en el servidor previamente
11:28:42 -> OK: TOTAL: 0 nuevos registros insertados en el servidor

11:28:42 -> INFO: Intentando insertar en el servidor nuevos registros de la tabla FACCAB
11:28:42 -> INFO: Consultando en el servidor los registros insertados de la tabla FACCAB
11:28:42 -> OK: TOTAL: 42827 registros insertados en el servidor previamente
11:28:43 -> OK: TOTAL: 0 nuevos registros insertados en el servidor

11:28:43 -> INFO: Intentando insertar en el servidor nuevos registros de la tabla FACLIN
11:28:43 -> INFO: Consultando en el servidor los registros insertados de la tabla FACLIN
11:28:43 -> OK: TOTAL: 68779 registros insertados en el servidor previamente
11:28:43 -> OK: TOTAL: 0 nuevos registros insertados en el servidor

11:28:43 -> INFO: Intentando insertar en el servidor nuevos registros de la tabla FACPROC
11:28:43 -> INFO: Consultando en el servidor los registros insertados de la tabla FACPROC
11:28:43 -> OK: TOTAL: 1656 registros insertados en el servidor previamente
11:28:43 -> OK: TOTAL: 0 nuevos registros insertados en el servidor

11:28:43 -> INFO: Intentando insertar en el servidor nuevos registros de la tabla FACPROL
11:28:43 -> INFO: Consultando en el servidor los registros insertados de la tabla FACPROL
11:28:43 -> OK: TOTAL: 1671 registros insertados en el servidor previamente
11:28:43 -> OK: TOTAL: 0 nuevos registros insertados en el servidor

11:28:43 -> INFO: Intentando insertar en el servidor nuevos registros de la tabla CIECAB
11:28:43 -> INFO: Consultando en el servidor los registros insertados de la tabla CIECAB
11:28:43 -> OK: TOTAL: 0 nuevos registros insertados en el servidor

11:28:43 -> INFO: Intentando insertar en el servidor nuevos registros de la tabla CIELIN
11:28:43 -> INFO: Consultando en el servidor los registros insertados de la tabla CIELIN
11:28:43 -> OK: TOTAL: 0 nuevos registros insertados en el servidor

11:28:43 -> -------------------------------------------------------------------------------
11:28:43 -> INFO: FIN DE PROCESO DE SINCRONIZACION DE DATOS AUTOMATICO
11:28:43 -> -------------------------------------------------------------------------------


11:28:44 -> -------------------------------------------------------------------------------
11:28:44 -> INFO: INICIO DE PROCESO DE SINCRONIZACION DE DATOS AUTOMATICO
11:28:44 -> -------------------------------------------------------------------------------
11:28:44 -> INFO: Intentando insertar en el servidor nuevos registros de la tabla EMPRESA
11:28:44 -> INFO: Consultando en el servidor los registros insertados de la tabla EMPRESA
11:28:44 -> OK: TOTAL: 1 registros insertados en el servidor previamente
11:28:44 -> OK: TOTAL: 0 nuevos registros insertados en el servidor

11:28:44 -> INFO: Intentando insertar en el servidor nuevos registros de la tabla FAMILIA1
11:28:44 -> INFO: Consultando en el servidor los registros insertados de la tabla FAMILIA1
11:28:44 -> OK: TOTAL: 8 registros insertados en el servidor previamente
11:45:32 -> -------------------------------------------------------------------------------
11:45:32 -> INFO: INICIO DE PROCESO DE SINCRONIZACION DE DATOS AUTOMATICO
11:45:32 -> -------------------------------------------------------------------------------
11:45:32 -> INFO: Intentando insertar en el servidor nuevos registros de la tabla EMPRESA
11:45:32 -> INFO: Consultando en el servidor los registros insertados de la tabla EMPRESA
11:45:33 -> OK: TOTAL: 1 registros insertados en el servidor previamente
11:45:33 -> OK: TOTAL: 0 nuevos registros insertados en el servidor

11:45:33 -> INFO: Intentando insertar en el servidor nuevos registros de la tabla FAMILIA1
11:45:33 -> INFO: Consultando en el servidor los registros insertados de la tabla FAMILIA1
11:45:33 -> OK: TOTAL: 8 registros insertados en el servidor previamente
11:45:33 -> OK: TOTAL: 0 nuevos registros insertados en el servidor

11:45:33 -> INFO: Intentando insertar en el servidor nuevos registros de la tabla ARTICULOS
11:45:33 -> INFO: Consultando en el servidor los registros insertados de la tabla ARTICULOS
11:45:33 -> OK: TOTAL: 46 registros insertados en el servidor previamente
11:45:33 -> ERROR: Fall&oacute; la ejecuci&oacute;n de la sentencia en la tabla: (1048) Column 'codart' cannot be null<br>46
11:45:33 -> INFO: Intentando insertar en el servidor nuevos registros de la tabla EMPLEADOS
11:45:33 -> INFO: Consultando en el servidor los registros insertados de la tabla EMPLEADOS
11:45:33 -> OK: TOTAL: 13 registros insertados en el servidor previamente
11:45:33 -> OK: TOTAL: 0 nuevos registros insertados en el servidor

11:45:33 -> INFO: Intentando insertar en el servidor nuevos registros de la tabla CLIENTES
11:45:33 -> INFO: Consultando en el servidor los registros insertados de la tabla CLIENTES
11:45:33 -> OK: TOTAL: 14 registros insertados en el servidor previamente
11:45:33 -> OK: TOTAL: 0 nuevos registros insertados en el servidor

11:45:33 -> INFO: Intentando insertar en el servidor nuevos registros de la tabla PROVEEDOR
11:45:33 -> INFO: Consultando en el servidor los registros insertados de la tabla PROVEEDOR
11:45:33 -> OK: TOTAL: 15 registros insertados en el servidor previamente
11:45:34 -> OK: TOTAL: 0 nuevos registros insertados en el servidor

11:45:34 -> INFO: Intentando insertar en el servidor nuevos registros de la tabla CONCEPTOS
11:45:34 -> INFO: Consultando en el servidor los registros insertados de la tabla CONCEPTOS
11:45:34 -> OK: TOTAL: 2 registros insertados en el servidor previamente
11:45:34 -> OK: TOTAL: 0 nuevos registros insertados en el servidor

11:45:34 -> INFO: Intentando insertar en el servidor nuevos registros de la tabla FORPAG
11:45:34 -> INFO: Consultando en el servidor los registros insertados de la tabla FORPAG
11:45:34 -> OK: TOTAL: 3 registros insertados en el servidor previamente
11:45:34 -> OK: TOTAL: 0 nuevos registros insertados en el servidor

11:45:34 -> INFO: Intentando insertar en el servidor nuevos registros de la tabla SERIES
11:45:34 -> INFO: Consultando en el servidor los registros insertados de la tabla SERIES
11:45:34 -> OK: TOTAL: 4 registros insertados en el servidor previamente
11:45:34 -> OK: TOTAL: 0 nuevos registros insertados en el servidor

11:45:34 -> INFO: Intentando insertar en el servidor nuevos registros de la tabla FACCAB
11:45:34 -> INFO: Consultando en el servidor los registros insertados de la tabla FACCAB
11:45:34 -> OK: TOTAL: 42827 registros insertados en el servidor previamente
11:45:34 -> OK: TOTAL: 0 nuevos registros insertados en el servidor

11:45:34 -> INFO: Intentando insertar en el servidor nuevos registros de la tabla FACLIN
11:45:34 -> INFO: Consultando en el servidor los registros insertados de la tabla FACLIN
11:45:35 -> OK: TOTAL: 68779 registros insertados en el servidor previamente
11:45:35 -> OK: TOTAL: 0 nuevos registros insertados en el servidor

11:45:35 -> INFO: Intentando insertar en el servidor nuevos registros de la tabla FACPROC
11:45:35 -> INFO: Consultando en el servidor los registros insertados de la tabla FACPROC
11:45:35 -> OK: TOTAL: 1656 registros insertados en el servidor previamente
11:45:35 -> OK: TOTAL: 0 nuevos registros insertados en el servidor

11:45:35 -> INFO: Intentando insertar en el servidor nuevos registros de la tabla FACPROL
11:45:35 -> INFO: Consultando en el servidor los registros insertados de la tabla FACPROL
11:45:35 -> OK: TOTAL: 1671 registros insertados en el servidor previamente
11:45:35 -> OK: TOTAL: 0 nuevos registros insertados en el servidor

11:45:35 -> INFO: Intentando insertar en el servidor nuevos registros de la tabla CIECAB
11:45:35 -> INFO: Consultando en el servidor los registros insertados de la tabla CIECAB
11:45:35 -> OK: TOTAL: 0 registros insertados en el servidor previamente
11:45:35 -> OK: 3 nuevos registros insertados en el servidor
11:45:36 -> OK: TOTAL: 3 nuevos registros insertados en el servidor

11:45:36 -> INFO: Intentando insertar en el servidor nuevos registros de la tabla CIELIN
11:45:36 -> INFO: Consultando en el servidor los registros insertados de la tabla CIELIN
11:45:36 -> OK: TOTAL: 0 registros insertados en el servidor previamente
11:45:36 -> OK: 6 nuevos registros insertados en el servidor
11:45:36 -> OK: TOTAL: 6 nuevos registros insertados en el servidor

11:45:36 -> -------------------------------------------------------------------------------
11:45:36 -> INFO: FIN DE PROCESO DE SINCRONIZACION DE DATOS AUTOMATICO
11:45:36 -> -------------------------------------------------------------------------------


11:47:27 -> -------------------------------------------------------------------------------
11:47:27 -> INFO: INICIO DE PROCESO DE SINCRONIZACION DE DATOS AUTOMATICO
11:47:27 -> -------------------------------------------------------------------------------
11:47:27 -> INFO: Intentando insertar en el servidor nuevos registros de la tabla EMPRESA
11:47:27 -> INFO: Consultando en el servidor los registros insertados de la tabla EMPRESA
11:47:27 -> OK: TOTAL: 1 registros insertados en el servidor previamente
11:47:27 -> OK: TOTAL: 0 nuevos registros insertados en el servidor

11:47:27 -> INFO: Intentando insertar en el servidor nuevos registros de la tabla FAMILIA1
11:47:27 -> INFO: Consultando en el servidor los registros insertados de la tabla FAMILIA1
11:47:27 -> OK: TOTAL: 8 registros insertados en el servidor previamente
11:47:28 -> OK: TOTAL: 0 nuevos registros insertados en el servidor

11:47:28 -> INFO: Intentando insertar en el servidor nuevos registros de la tabla ARTICULOS
11:47:28 -> INFO: Consultando en el servidor los registros insertados de la tabla ARTICULOS
11:47:28 -> OK: TOTAL: 46 registros insertados en el servidor previamente
11:47:28 -> ERROR: Fall&oacute; la ejecuci&oacute;n de la sentencia en la tabla: (1048) Column 'codart' cannot be null<br>46
11:47:28 -> INFO: Intentando insertar en el servidor nuevos registros de la tabla EMPLEADOS
11:47:28 -> INFO: Consultando en el servidor los registros insertados de la tabla EMPLEADOS
11:47:28 -> OK: TOTAL: 13 registros insertados en el servidor previamente
11:47:28 -> OK: TOTAL: 0 nuevos registros insertados en el servidor

11:47:28 -> INFO: Intentando insertar en el servidor nuevos registros de la tabla CLIENTES
11:47:28 -> INFO: Consultando en el servidor los registros insertados de la tabla CLIENTES
11:47:28 -> OK: TOTAL: 14 registros insertados en el servidor previamente
11:47:28 -> OK: TOTAL: 0 nuevos registros insertados en el servidor

11:47:28 -> INFO: Intentando insertar en el servidor nuevos registros de la tabla PROVEEDOR
11:47:28 -> INFO: Consultando en el servidor los registros insertados de la tabla PROVEEDOR
11:47:28 -> OK: TOTAL: 15 registros insertados en el servidor previamente
11:47:28 -> OK: TOTAL: 0 nuevos registros insertados en el servidor

11:47:28 -> INFO: Intentando insertar en el servidor nuevos registros de la tabla CONCEPTOS
11:47:28 -> INFO: Consultando en el servidor los registros insertados de la tabla CONCEPTOS
11:47:28 -> OK: TOTAL: 2 registros insertados en el servidor previamente
11:47:28 -> OK: TOTAL: 0 nuevos registros insertados en el servidor

11:47:28 -> INFO: Intentando insertar en el servidor nuevos registros de la tabla FORPAG
11:47:28 -> INFO: Consultando en el servidor los registros insertados de la tabla FORPAG
11:47:28 -> OK: TOTAL: 3 registros insertados en el servidor previamente
11:47:29 -> OK: TOTAL: 0 nuevos registros insertados en el servidor

11:47:29 -> INFO: Intentando insertar en el servidor nuevos registros de la tabla SERIES
11:47:29 -> INFO: Consultando en el servidor los registros insertados de la tabla SERIES
11:47:29 -> OK: TOTAL: 4 registros insertados en el servidor previamente
11:47:29 -> OK: TOTAL: 0 nuevos registros insertados en el servidor

11:47:29 -> INFO: Intentando insertar en el servidor nuevos registros de la tabla FACCAB
11:47:29 -> INFO: Consultando en el servidor los registros insertados de la tabla FACCAB
11:47:29 -> OK: TOTAL: 42827 registros insertados en el servidor previamente
11:47:29 -> OK: TOTAL: 0 nuevos registros insertados en el servidor

11:47:29 -> INFO: Intentando insertar en el servidor nuevos registros de la tabla FACLIN
11:47:29 -> INFO: Consultando en el servidor los registros insertados de la tabla FACLIN
11:47:29 -> OK: TOTAL: 68779 registros insertados en el servidor previamente
11:47:29 -> OK: TOTAL: 0 nuevos registros insertados en el servidor

11:47:29 -> INFO: Intentando insertar en el servidor nuevos registros de la tabla FACPROC
11:47:29 -> INFO: Consultando en el servidor los registros insertados de la tabla FACPROC
11:47:30 -> OK: TOTAL: 1656 registros insertados en el servidor previamente
11:47:30 -> OK: TOTAL: 0 nuevos registros insertados en el servidor

11:47:30 -> INFO: Intentando insertar en el servidor nuevos registros de la tabla FACPROL
11:47:30 -> INFO: Consultando en el servidor los registros insertados de la tabla FACPROL
11:47:30 -> OK: TOTAL: 1671 registros insertados en el servidor previamente
11:47:30 -> OK: TOTAL: 0 nuevos registros insertados en el servidor

11:47:30 -> INFO: Intentando insertar en el servidor nuevos registros de la tabla CIECAB
11:47:30 -> INFO: Consultando en el servidor los registros insertados de la tabla CIECAB
11:47:30 -> OK: TOTAL: 3 registros insertados en el servidor previamente
11:47:30 -> OK: 1 nuevos registros insertados en el servidor
11:47:30 -> OK: TOTAL: 1 nuevos registros insertados en el servidor

11:47:30 -> INFO: Intentando insertar en el servidor nuevos registros de la tabla CIELIN
11:47:30 -> INFO: Consultando en el servidor los registros insertados de la tabla CIELIN
11:47:30 -> OK: TOTAL: 6 registros insertados en el servidor previamente
11:47:30 -> OK: 2 nuevos registros insertados en el servidor
11:47:30 -> OK: TOTAL: 2 nuevos registros insertados en el servidor

11:47:30 -> -------------------------------------------------------------------------------
11:47:30 -> INFO: FIN DE PROCESO DE SINCRONIZACION DE DATOS AUTOMATICO
11:47:30 -> -------------------------------------------------------------------------------


11:48:30 -> -------------------------------------------------------------------------------
11:48:30 -> INFO: INICIO DE PROCESO DE SINCRONIZACION DE DATOS AUTOMATICO
11:48:30 -> -------------------------------------------------------------------------------
11:48:30 -> INFO: Intentando insertar en el servidor nuevos registros de la tabla EMPRESA
11:48:30 -> INFO: Consultando en el servidor los registros insertados de la tabla EMPRESA
11:48:30 -> OK: TOTAL: 1 registros insertados en el servidor previamente
11:48:30 -> OK: TOTAL: 0 nuevos registros insertados en el servidor

11:48:30 -> INFO: Intentando insertar en el servidor nuevos registros de la tabla FAMILIA1
11:48:30 -> INFO: Consultando en el servidor los registros insertados de la tabla FAMILIA1
11:48:30 -> OK: TOTAL: 8 registros insertados en el servidor previamente
11:48:30 -> OK: TOTAL: 0 nuevos registros insertados en el servidor

11:48:30 -> INFO: Intentando insertar en el servidor nuevos registros de la tabla ARTICULOS
11:48:30 -> INFO: Consultando en el servidor los registros insertados de la tabla ARTICULOS
11:48:31 -> OK: TOTAL: 46 registros insertados en el servidor previamente
11:48:31 -> ERROR: Fall&oacute; la ejecuci&oacute;n de la sentencia en la tabla: (1048) Column 'codart' cannot be null<br>46
11:48:31 -> INFO: Intentando insertar en el servidor nuevos registros de la tabla EMPLEADOS
11:48:31 -> INFO: Consultando en el servidor los registros insertados de la tabla EMPLEADOS
11:48:31 -> OK: TOTAL: 13 registros insertados en el servidor previamente
11:48:31 -> OK: TOTAL: 0 nuevos registros insertados en el servidor

11:48:31 -> INFO: Intentando insertar en el servidor nuevos registros de la tabla CLIENTES
11:48:31 -> INFO: Consultando en el servidor los registros insertados de la tabla CLIENTES
11:48:31 -> OK: TOTAL: 14 registros insertados en el servidor previamente
11:48:31 -> OK: TOTAL: 0 nuevos registros insertados en el servidor

11:48:31 -> INFO: Intentando insertar en el servidor nuevos registros de la tabla PROVEEDOR
11:48:31 -> INFO: Consultando en el servidor los registros insertados de la tabla PROVEEDOR
11:48:31 -> OK: TOTAL: 15 registros insertados en el servidor previamente
11:48:31 -> OK: TOTAL: 0 nuevos registros insertados en el servidor

11:48:31 -> INFO: Intentando insertar en el servidor nuevos registros de la tabla CONCEPTOS
11:48:31 -> INFO: Consultando en el servidor los registros insertados de la tabla CONCEPTOS
11:48:31 -> OK: TOTAL: 2 registros insertados en el servidor previamente
11:48:31 -> OK: TOTAL: 0 nuevos registros insertados en el servidor

11:48:31 -> INFO: Intentando insertar en el servidor nuevos registros de la tabla FORPAG
11:48:31 -> INFO: Consultando en el servidor los registros insertados de la tabla FORPAG
11:48:31 -> OK: TOTAL: 3 registros insertados en el servidor previamente
11:48:31 -> OK: TOTAL: 0 nuevos registros insertados en el servidor

11:48:31 -> INFO: Intentando insertar en el servidor nuevos registros de la tabla SERIES
11:48:31 -> INFO: Consultando en el servidor los registros insertados de la tabla SERIES
11:48:31 -> OK: TOTAL: 4 registros insertados en el servidor previamente
11:48:31 -> OK: TOTAL: 0 nuevos registros insertados en el servidor

11:48:31 -> INFO: Intentando insertar en el servidor nuevos registros de la tabla FACCAB
11:48:31 -> INFO: Consultando en el servidor los registros insertados de la tabla FACCAB
11:48:32 -> OK: TOTAL: 42827 registros insertados en el servidor previamente
11:48:32 -> OK: TOTAL: 0 nuevos registros insertados en el servidor

11:48:32 -> INFO: Intentando insertar en el servidor nuevos registros de la tabla FACLIN
11:48:32 -> INFO: Consultando en el servidor los registros insertados de la tabla FACLIN
11:48:32 -> OK: TOTAL: 68779 registros insertados en el servidor previamente
11:48:32 -> OK: TOTAL: 0 nuevos registros insertados en el servidor

11:48:32 -> INFO: Intentando insertar en el servidor nuevos registros de la tabla FACPROC
11:48:32 -> INFO: Consultando en el servidor los registros insertados de la tabla FACPROC
11:48:32 -> OK: TOTAL: 1656 registros insertados en el servidor previamente
11:48:32 -> OK: TOTAL: 0 nuevos registros insertados en el servidor

11:48:32 -> INFO: Intentando insertar en el servidor nuevos registros de la tabla FACPROL
11:48:32 -> INFO: Consultando en el servidor los registros insertados de la tabla FACPROL
11:48:32 -> OK: TOTAL: 1671 registros insertados en el servidor previamente
11:48:32 -> OK: TOTAL: 0 nuevos registros insertados en el servidor

11:48:32 -> INFO: Intentando insertar en el servidor nuevos registros de la tabla CIECAB
11:48:32 -> INFO: Consultando en el servidor los registros insertados de la tabla CIECAB
11:48:33 -> OK: TOTAL: 4 registros insertados en el servidor previamente
11:48:33 -> OK: 1 nuevos registros insertados en el servidor
11:48:33 -> OK: TOTAL: 1 nuevos registros insertados en el servidor

11:48:33 -> INFO: Intentando insertar en el servidor nuevos registros de la tabla CIELIN
11:48:33 -> INFO: Consultando en el servidor los registros insertados de la tabla CIELIN
11:48:33 -> OK: TOTAL: 8 registros insertados en el servidor previamente
11:48:33 -> OK: 2 nuevos registros insertados en el servidor
11:48:33 -> OK: TOTAL: 2 nuevos registros insertados en el servidor

11:48:33 -> -------------------------------------------------------------------------------
11:48:33 -> INFO: FIN DE PROCESO DE SINCRONIZACION DE DATOS AUTOMATICO
11:48:33 -> -------------------------------------------------------------------------------


